Content-Type: text/plain; charset="utf-8"
MIME-Version: 1.0
Content-Transfer-Encoding: 8bit
Subject: Password reset on 127.0.0.1:8000
From: webmaster@localhost
To: michaeljchirwa@gmail.com
Date: Thu, 15 Feb 2024 16:52:47 -0000
Message-ID: <170801596709.13576.17853148202955128053@LID-MICHAEL.LIDWALA.NET>


You're receiving this email because you requested a password reset for your user account at 127.0.0.1:8000.

Please go to the following page and choose a new password:

https://127.0.0.1:8000/reset-password-confirm/MTA/c2gcfz-9fd515b36acdb310bef1faba29d45ed2/

Your username, in case you’ve forgotten: millitonmilly

Thanks for using our site!

The 127.0.0.1:8000 team



-------------------------------------------------------------------------------
Content-Type: text/plain; charset="utf-8"
MIME-Version: 1.0
Content-Transfer-Encoding: 8bit
Subject: Password reset on 127.0.0.1:8000
From: webmaster@localhost
To: michaeljchirwa@gmail.com
Date: Thu, 15 Feb 2024 16:52:47 -0000
Message-ID: <170801596711.13576.7898018200392514721@LID-MICHAEL.LIDWALA.NET>


You're receiving this email because you requested a password reset for your user account at 127.0.0.1:8000.

Please go to the following page and choose a new password:

https://127.0.0.1:8000/reset-password-confirm/MQ/c2gcfz-5560a10281771719a88fd8f9914e783d/

Your username, in case you’ve forgotten: jameschirwa

Thanks for using our site!

The 127.0.0.1:8000 team



-------------------------------------------------------------------------------
Content-Type: text/plain; charset="utf-8"
MIME-Version: 1.0
Content-Transfer-Encoding: 8bit
Subject: Password reset on 127.0.0.1:8000
From: webmaster@localhost
To: michaeljchirwa@gmail.com
Date: Thu, 15 Feb 2024 16:52:47 -0000
Message-ID: <170801596712.13576.3880207996491335451@LID-MICHAEL.LIDWALA.NET>


You're receiving this email because you requested a password reset for your user account at 127.0.0.1:8000.

Please go to the following page and choose a new password:

https://127.0.0.1:8000/reset-password-confirm/Mzg/c2gcfz-95a117d1627bf92e954060272db96167/

Your username, in case you’ve forgotten: mattysanders

Thanks for using our site!

The 127.0.0.1:8000 team



-------------------------------------------------------------------------------
